<?xml version="1.0" encoding="UTF-8"?>
<testsuite name="agh.cs.lab4.AnimalTest" tests="1" skipped="0" failures="0" errors="0" timestamp="2020-12-15T17:49:42" hostname="LAPTOP-3VERJRAU" time="0.001">
  <properties/>
  <testcase name="MoveTest" classname="agh.cs.lab4.AnimalTest" time="0.001"/>
  <system-out><![CDATA[]]></system-out>
  <system-err><![CDATA[]]></system-err>
</testsuite>
